Compilación iniciada a las 02/04/2017 18:55:41.
     1>Proyecto "C:\Users\DmnT\Documents\VJEntrega1\2DGame\02-Bubble\02-Bubble\02-Bubble.vcxproj" en el nodo 2 (Build destinos).
     1>ClCompile:
         C:\Program Files (x86)\Microsoft Visual Studio 12.0\VC\bin\CL.exe /c /I"..\..\..\libs\Simple OpenGL Image Library\src" /I..\..\..\libs\freeglut\include /I"..\..\..\libs\glew-1.13.0\include" /I..\..\..\libs\glm /ZI /nologo /W3 /WX- /Od /Oy- /D WIN32 /D _DEBUG /D _CONSOLE /D _LIB /D _UNICODE /D UNICODE /Gm /EHsc /RTC1 /MDd /GS /fp:precise /Zc:wchar_t /Zc:forScope /Fo"Debug\\" /Fd"Debug\vc120.pdb" /Gd /TP /analyze- /errorReport:prompt CreditsScene.cpp Game.cpp Guillotina.cpp Life.cpp MainMenuScene.cpp Player.cpp Portagran.cpp Portal.cpp Quad.cpp Scene.cpp Scene2.cpp Scene3.cpp Shader.cpp ShaderProgram.cpp Soldier.cpp SoundManager2.cpp Spikes.cpp Sprite.cpp Texture.cpp TexturedQuad.cpp TileMap.cpp main.cpp
         main.cpp
         TileMap.cpp
     1>c:\users\dmnt\documents\vjentrega1\2dgame\02-bubble\02-bubble\tilemap.cpp(247): warning C4244: '=' : conversión de 'float' a 'int'; posible pérdida de datos
         TexturedQuad.cpp
         Texture.cpp
         Sprite.cpp
     1>c:\users\dmnt\documents\vjentrega1\2dgame\02-bubble\02-bubble\sprite.cpp(46): warning C4018: '>=' : no coinciden signed/unsigned
         Spikes.cpp
         SoundManager2.cpp
         Soldier.cpp
     1>c:\users\dmnt\documents\vjentrega1\2dgame\02-bubble\02-bubble\soldier.cpp(32): warning C4244: 'argumento' : conversión de 'time_t' a 'unsigned int'; posible pérdida de datos
         ShaderProgram.cpp
         Shader.cpp
         Scene3.cpp
     1>c:\users\dmnt\documents\vjentrega1\2dgame\02-bubble\02-bubble\scene3.cpp(32): warning C4018: '<' : no coinciden signed/unsigned
     1>c:\users\dmnt\documents\vjentrega1\2dgame\02-bubble\02-bubble\scene3.cpp(36): warning C4018: '<' : no coinciden signed/unsigned
     1>c:\users\dmnt\documents\vjentrega1\2dgame\02-bubble\02-bubble\scene3.cpp(40): warning C4018: '<' : no coinciden signed/unsigned
     1>c:\users\dmnt\documents\vjentrega1\2dgame\02-bubble\02-bubble\scene3.cpp(59): warning C4244: 'inicializando' : conversión de 'float' a 'int'; posible pérdida de datos
     1>c:\users\dmnt\documents\vjentrega1\2dgame\02-bubble\02-bubble\scene3.cpp(60): warning C4244: 'inicializando' : conversión de 'float' a 'int'; posible pérdida de datos
     1>c:\users\dmnt\documents\vjentrega1\2dgame\02-bubble\02-bubble\scene3.cpp(101): warning C4018: '<' : no coinciden signed/unsigned
     1>c:\users\dmnt\documents\vjentrega1\2dgame\02-bubble\02-bubble\scene3.cpp(164): warning C4018: '<' : no coinciden signed/unsigned
     1>c:\users\dmnt\documents\vjentrega1\2dgame\02-bubble\02-bubble\scene3.cpp(266): warning C4244: 'inicializando' : conversión de 'float' a 'int'; posible pérdida de datos
     1>c:\users\dmnt\documents\vjentrega1\2dgame\02-bubble\02-bubble\scene3.cpp(267): warning C4244: 'inicializando' : conversión de 'float' a 'int'; posible pérdida de datos
         Scene2.cpp
     1>c:\users\dmnt\documents\vjentrega1\2dgame\02-bubble\02-bubble\scene2.cpp(32): warning C4018: '<' : no coinciden signed/unsigned
     1>c:\users\dmnt\documents\vjentrega1\2dgame\02-bubble\02-bubble\scene2.cpp(36): warning C4018: '<' : no coinciden signed/unsigned
     1>c:\users\dmnt\documents\vjentrega1\2dgame\02-bubble\02-bubble\scene2.cpp(40): warning C4018: '<' : no coinciden signed/unsigned
     1>c:\users\dmnt\documents\vjentrega1\2dgame\02-bubble\02-bubble\scene2.cpp(59): warning C4244: 'inicializando' : conversión de 'float' a 'int'; posible pérdida de datos
     1>c:\users\dmnt\documents\vjentrega1\2dgame\02-bubble\02-bubble\scene2.cpp(60): warning C4244: 'inicializando' : conversión de 'float' a 'int'; posible pérdida de datos
     1>c:\users\dmnt\documents\vjentrega1\2dgame\02-bubble\02-bubble\scene2.cpp(90): warning C4018: '<' : no coinciden signed/unsigned
     1>c:\users\dmnt\documents\vjentrega1\2dgame\02-bubble\02-bubble\scene2.cpp(135): warning C4018: '<' : no coinciden signed/unsigned
     1>c:\users\dmnt\documents\vjentrega1\2dgame\02-bubble\02-bubble\scene2.cpp(204): warning C4244: 'inicializando' : conversión de 'float' a 'int'; posible pérdida de datos
     1>c:\users\dmnt\documents\vjentrega1\2dgame\02-bubble\02-bubble\scene2.cpp(205): warning C4244: 'inicializando' : conversión de 'float' a 'int'; posible pérdida de datos
         Scene.cpp
     1>c:\users\dmnt\documents\vjentrega1\2dgame\02-bubble\02-bubble\scene.cpp(38): warning C4018: '<' : no coinciden signed/unsigned
     1>c:\users\dmnt\documents\vjentrega1\2dgame\02-bubble\02-bubble\scene.cpp(42): warning C4018: '<' : no coinciden signed/unsigned
     1>c:\users\dmnt\documents\vjentrega1\2dgame\02-bubble\02-bubble\scene.cpp(46): warning C4018: '<' : no coinciden signed/unsigned
     1>c:\users\dmnt\documents\vjentrega1\2dgame\02-bubble\02-bubble\scene.cpp(50): warning C4018: '<' : no coinciden signed/unsigned
     1>c:\users\dmnt\documents\vjentrega1\2dgame\02-bubble\02-bubble\scene.cpp(71): warning C4244: 'inicializando' : conversión de 'float' a 'int'; posible pérdida de datos
     1>c:\users\dmnt\documents\vjentrega1\2dgame\02-bubble\02-bubble\scene.cpp(72): warning C4244: 'inicializando' : conversión de 'float' a 'int'; posible pérdida de datos
     1>c:\users\dmnt\documents\vjentrega1\2dgame\02-bubble\02-bubble\scene.cpp(92): warning C4244: 'inicializando' : conversión de 'float' a 'int'; posible pérdida de datos
     1>c:\users\dmnt\documents\vjentrega1\2dgame\02-bubble\02-bubble\scene.cpp(93): warning C4244: 'inicializando' : conversión de 'float' a 'int'; posible pérdida de datos
         Quad.cpp
         Portal.cpp
         Portagran.cpp
         Player.cpp
     1>c:\users\dmnt\documents\vjentrega1\2dgame\02-bubble\02-bubble\player.cpp(1542): warning C4305: '+=' : truncamiento de 'double' a 'float'
     1>c:\users\dmnt\documents\vjentrega1\2dgame\02-bubble\02-bubble\player.cpp(1555): warning C4305: '+=' : truncamiento de 'double' a 'float'
         MainMenuScene.cpp
         Life.cpp
         Guillotina.cpp
         Generando código...
         Compilando...
         Game.cpp
         CreditsScene.cpp
         Generando código...
       ResourceCompile:
         C:\Program Files (x86)\Windows Kits\8.1\bin\x86\rc.exe /D _UNICODE /D UNICODE /l"0x0409" /nologo /fo"Debug\02-Bubble.res" 02-Bubble.rc 
       Link:
         C:\Program Files (x86)\Microsoft Visual Studio 12.0\VC\bin\link.exe /ERRORREPORT:PROMPT /OUT:"C:\Users\DmnT\Documents\VJEntrega1\2DGame\02-Bubble\Debug\02-Bubble.exe" /INCREMENTAL /NOLOGO /LIBPATH:"..\..\..\libs\Simple OpenGL Image Library\projects\VC9\Debug" /LIBPATH:..\..\..\libs\freeglut\lib /LIBPATH:"..\..\..\libs\glew-1.13.0\lib\Release\Win32" SOIL.lib glew32.lib kernel32.lib user32.lib gdi32.lib winspool.lib comdlg32.lib advapi32.lib shell32.lib ole32.lib oleaut32.lib uuid.lib odbc32.lib odbccp32.lib /MANIFEST /MANIFESTUAC:"level='asInvoker' uiAccess='false'" /manifest:embed /DEBUG /PDB:"C:\Users\DmnT\Documents\VJEntrega1\2DGame\02-Bubble\Debug\02-Bubble.pdb" /SUBSYSTEM:CONSOLE /TLBID:1 /DYNAMICBASE /NXCOMPAT /IMPLIB:"C:\Users\DmnT\Documents\VJEntrega1\2DGame\02-Bubble\Debug\02-Bubble.lib" /MACHINE:X86 "Debug\02-Bubble.res"
         Debug\CreditsScene.obj
         Debug\Game.obj
         Debug\Guillotina.obj
         Debug\Life.obj
         Debug\main.obj
         Debug\MainMenuScene.obj
         Debug\Player.obj
         Debug\Portagran.obj
         Debug\Portal.obj
         Debug\Quad.obj
         Debug\Scene.obj
         Debug\Scene2.obj
         Debug\Scene3.obj
         Debug\Shader.obj
         Debug\ShaderProgram.obj
         Debug\Soldier.obj
         Debug\SoundManager2.obj
         Debug\Spikes.obj
         Debug\Sprite.obj
         Debug\Texture.obj
         Debug\TexturedQuad.obj
         Debug\TileMap.obj
         LINK : no se encontró C:\Users\DmnT\Documents\VJEntrega1\2DGame\02-Bubble\Debug\02-Bubble.exe o no lo generó el último vínculo incremental; ejecutando vínculo completo
     1>SOIL.lib(image_DXT.obj) : warning LNK4099: no se encontró PDB 'vc100.pdb' con 'SOIL.lib(image_DXT.obj)' o en 'C:\Users\DmnT\Documents\VJEntrega1\2DGame\02-Bubble\Debug\vc100.pdb'; se vinculará el objeto sin tener en cuenta información de depuración
     1>SOIL.lib(image_helper.obj) : warning LNK4099: no se encontró PDB 'vc100.pdb' con 'SOIL.lib(image_helper.obj)' o en 'C:\Users\DmnT\Documents\VJEntrega1\2DGame\02-Bubble\Debug\vc100.pdb'; se vinculará el objeto sin tener en cuenta información de depuración
     1>SOIL.lib(SOIL.obj) : warning LNK4099: no se encontró PDB 'vc100.pdb' con 'SOIL.lib(SOIL.obj)' o en 'C:\Users\DmnT\Documents\VJEntrega1\2DGame\02-Bubble\Debug\vc100.pdb'; se vinculará el objeto sin tener en cuenta información de depuración
     1>SOIL.lib(stb_image_aug.obj) : warning LNK4099: no se encontró PDB 'vc100.pdb' con 'SOIL.lib(stb_image_aug.obj)' o en 'C:\Users\DmnT\Documents\VJEntrega1\2DGame\02-Bubble\Debug\vc100.pdb'; se vinculará el objeto sin tener en cuenta información de depuración
         02-Bubble.vcxproj -> C:\Users\DmnT\Documents\VJEntrega1\2DGame\02-Bubble\Debug\02-Bubble.exe
     1>Compilación del proyecto terminada "C:\Users\DmnT\Documents\VJEntrega1\2DGame\02-Bubble\02-Bubble\02-Bubble.vcxproj" (Build destinos).

Compilación correcta.

Tiempo transcurrido 00:00:29.64
